<?xml version="1.0" encoding="UTF-8"?>
<!-- Generated by org.testng.reporters.JUnitReportReporter -->
<testsuite hostname="nikita" failures="0" tests="1" name="myproject.TestngHelper" time="3.142" errors="0" timestamp="2025-02-18T00:42:09 IST" skipped="0">
  <testcase classname="myproject.TestngHelper" name="compareWebDataToDatabaseForBatchedLogins" time="3.142"/>
  <system-out/>
</testsuite> <!-- myproject.TestngHelper -->
